<?xml version="1.0" encoding="UTF-8"?>
<!-- Generated by org.testng.reporters.JUnitXMLReporter -->
<<<<<<< HEAD
<testsuite hostname="Admin-PC" failures="0" tests="1" name="Default test" time="13.412" errors="0" timestamp="13 Jun 2023 16:37:56 GMT">
  <testcase classname="automation.testsuite.TS_Test" name="@AfterMethod Demo_Testcase" time="0.0">
    <failure type="org.openqa.selenium.WebDriverException" message="Returned value cannot be converted to WebElement: {stacktrace=Backtrace:
	GetHandleVerifier [0x011DDCE3+50899]
	(No symbol) [0x0116E111]
	(No symbol) [0x01075450]
	(No symbol) [0x010970B8]
	(No symbol) [0x010BB7F6]
	(No symbol) [0x010B8722]
	(No symbol) [0x010B7ADE]
	(No symbol) [0x01055391]
	(No symbol) [0x0105598E]
	(No symbol) [0x01055D6A]
	GetHandleVerifier [0x01443EAE+2566302]
	GetHandleVerifier [0x014792B1+2784417]
	GetHandleVerifier [0x0147327C+2759788]
	GetHandleVerifier [0x01275740+672048]
	(No symbol) [0x01178872]
	(No symbol) [0x01054FEA]
	(No symbol) [0x010549EF]
	GetHandleVerifier [0x0149BBCC+2926012]
	BaseThreadInitThunk [0x776A00C9+25]
	RtlGetAppContainerNamedObjectPath [0x77A17B4E+286]
	RtlGetAppContainerNamedObjectPath [0x77A17B1E+238]
, error=invalid session id, message=invalid session id}
Build info: version: &amp;apos;2.53.1&amp;apos;, revision: &amp;apos;a36b8b1cd5757287168e54b817830adce9b0158d&amp;apos;, time: &amp;apos;2016-06-30 19:26:09&amp;apos;
System info: host: &amp;apos;Admin-PC&amp;apos;, ip: &amp;apos;192.168.1.63&amp;apos;, os.name: &amp;apos;Windows 10&amp;apos;, os.arch: &amp;apos;amd64&amp;apos;, os.version: &amp;apos;10.0&amp;apos;, java.version: &amp;apos;17.0.7&amp;apos;
Driver info: driver.version: RemoteWebDriver">
      <![CDATA[org.openqa.selenium.WebDriverException: Returned value cannot be converted to WebElement: {stacktrace=Backtrace:
	GetHandleVerifier [0x011DDCE3+50899]
	(No symbol) [0x0116E111]
	(No symbol) [0x01075450]
	(No symbol) [0x010970B8]
	(No symbol) [0x010BB7F6]
	(No symbol) [0x010B8722]
	(No symbol) [0x010B7ADE]
	(No symbol) [0x01055391]
	(No symbol) [0x0105598E]
	(No symbol) [0x01055D6A]
	GetHandleVerifier [0x01443EAE+2566302]
	GetHandleVerifier [0x014792B1+2784417]
	GetHandleVerifier [0x0147327C+2759788]
	GetHandleVerifier [0x01275740+672048]
	(No symbol) [0x01178872]
	(No symbol) [0x01054FEA]
	(No symbol) [0x010549EF]
	GetHandleVerifier [0x0149BBCC+2926012]
	BaseThreadInitThunk [0x776A00C9+25]
	RtlGetAppContainerNamedObjectPath [0x77A17B4E+286]
	RtlGetAppContainerNamedObjectPath [0x77A17B1E+238]
, error=invalid session id, message=invalid session id}
Build info: version: '2.53.1', revision: 'a36b8b1cd5757287168e54b817830adce9b0158d', time: '2016-06-30 19:26:09'
System info: host: 'Admin-PC', ip: '192.168.1.63', os.name: 'Windows 10', os.arch: 'amd64', os.version: '10.0', java.version: '17.0.7'
Driver info: driver.version: RemoteWebDriver
	at org.openqa.selenium.remote.RemoteWebDriver.findElement(RemoteWebDriver.java:370)
	at org.openqa.selenium.remote.RemoteWebDriver.findElementByPartialLinkText(RemoteWebDriver.java:436)
	at org.openqa.selenium.By$ByPartialLinkText.findElement(By.java:273)
	at org.openqa.selenium.remote.RemoteWebDriver.findElement(RemoteWebDriver.java:355)
	at automation.testsuite.TS_Test.Demo_Testcase(TS_Test.java:28)
	at java.base/jdk.internal.reflect.NativeMethodAccessorImpl.invoke0(Native Method)
	at java.base/jdk.internal.reflect.NativeMethodAccessorImpl.invoke(NativeMethodAccessorImpl.java:77)
	at java.base/jdk.internal.reflect.DelegatingMethodAccessorImpl.invoke(DelegatingMethodAccessorImpl.java:43)
	at java.base/java.lang.reflect.Method.invoke(Method.java:568)
	at org.testng.internal.MethodInvocationHelper.invokeMethod(MethodInvocationHelper.java:86)
	at org.testng.internal.Invoker.invokeConfigurationMethod(Invoker.java:514)
	at org.testng.internal.Invoker.invokeConfigurations(Invoker.java:215)
	at org.testng.internal.Invoker.invokeMethod(Invoker.java:707)
	at org.testng.internal.Invoker.invokeTestMethod(Invoker.java:820)
	at org.testng.internal.Invoker.invokeTestMethods(Invoker.java:1128)
	at org.testng.internal.TestMethodWorker.invokeTestMethods(TestMethodWorker.java:129)
	at org.testng.internal.TestMethodWorker.run(TestMethodWorker.java:112)
	at org.testng.TestRunner.privateRun(TestRunner.java:782)
	at org.testng.TestRunner.run(TestRunner.java:632)
	at org.testng.SuiteRunner.runTest(SuiteRunner.java:366)
	at org.testng.SuiteRunner.runSequentially(SuiteRunner.java:361)
	at org.testng.SuiteRunner.privateRun(SuiteRunner.java:319)
	at org.testng.SuiteRunner.run(SuiteRunner.java:268)
	at org.testng.SuiteRunnerWorker.runSuite(SuiteRunnerWorker.java:52)
	at org.testng.SuiteRunnerWorker.run(SuiteRunnerWorker.java:86)
	at org.testng.TestNG.runSuitesSequentially(TestNG.java:1244)
	at org.testng.TestNG.runSuitesLocally(TestNG.java:1169)
	at org.testng.TestNG.run(TestNG.java:1064)
	at org.testng.remote.AbstractRemoteTestNG.run(AbstractRemoteTestNG.java:115)
	at org.testng.remote.RemoteTestNG.initAndRun(RemoteTestNG.java:251)
	at org.testng.remote.RemoteTestNG.main(RemoteTestNG.java:77)
Caused by: java.lang.ClassCastException: class com.google.common.collect.Maps$TransformedEntriesMap cannot be cast to class org.openqa.selenium.WebElement (com.google.common.collect.Maps$TransformedEntriesMap and org.openqa.selenium.WebElement are in unnamed module of loader 'app')
	at org.openqa.selenium.remote.RemoteWebDriver.findElement(RemoteWebDriver.java:368)
	... 30 more
]]>
    </failure>
  </testcase> <!-- @AfterMethod Demo_Testcase -->
  <testcase classname="automation.testsuite.TS_Test" name="Demo_Testcase" time="6.244"/>
=======
<testsuite hostname="DESKTOP-CKL4MAL" failures="0" tests="1" name="Default test" time="15.323" errors="0" timestamp="11 Jun 2023 14:24:42 GMT">
  <testcase classname="automation.testsuite.NganNguyen.TS_Test" name="Epic1_Story1_SignInPage" time="3.178"/>
>>>>>>> 06855ab6bc49c65cf2859d02b3a3462ee27886fa
</testsuite> <!-- Default test -->
